Build started 4/18/2016 6:10:44 PM.
     1>Project "C:\Users\Sho3la\Desktop\Template_Code\Texturing\Texturing.vcxproj" on node 2 (Build target(s)).
     1>ClCompile:
         C:\Program Files (x86)\Microsoft Visual Studio 11.0\VC\bin\CL.exe /c /IC:\Users\Sho3la\Desktop\Template_Code\Texturing\ /ZI /nologo /W3 /WX- /Od /Oy- /D WIN32 /D _DEBUG /D _CONSOLE /D _UNICODE /D UNICODE /Gm /EHsc /RTC1 /MDd /GS /fp:precise /Zc:wchar_t /Zc:forScope /Fo"Debug\\" /Fd"Debug\vc110.pdb" /Gd /TP /analyze- /errorReport:prompt Renderer\Renderer.cpp
         Renderer.cpp
     1>c:\users\sho3la\desktop\template_code\texturing\renderer\renderer.cpp(109): warning C4305: 'argument' : truncation from 'double' to 'float'
     1>c:\users\sho3la\desktop\template_code\texturing\renderer\renderer.cpp(115): warning C4305: 'argument' : truncation from 'double' to 'float'
     1>c:\users\sho3la\desktop\template_code\texturing\renderer\renderer.cpp(121): warning C4305: 'argument' : truncation from 'double' to 'float'
     1>c:\users\sho3la\desktop\template_code\texturing\renderer\renderer.cpp(127): warning C4305: 'argument' : truncation from 'double' to 'float'
     1>c:\users\sho3la\desktop\template_code\texturing\renderer\renderer.cpp(143): warning C4244: 'argument' : conversion from 'double' to 'float', possible loss of data
     1>c:\users\sho3la\desktop\template_code\texturing\renderer\renderer.cpp(144): warning C4244: 'argument' : conversion from 'double' to 'float', possible loss of data
       Link:
         C:\Program Files (x86)\Microsoft Visual Studio 11.0\VC\bin\link.exe /ERRORREPORT:PROMPT /OUT:"C:\Users\Sho3la\Desktop\Template_Code\Debug\Texturing.exe" /INCREMENTAL:NO /NOLOGO opengl32.lib glew32.lib glfw3.lib kernel32.lib user32.lib gdi32.lib winspool.lib comdlg32.lib advapi32.lib shell32.lib ole32.lib oleaut32.lib uuid.lib odbc32.lib odbccp32.lib /MANIFEST /MANIFESTUAC:"level='asInvoker' uiAccess='false'" /manifest:embed /DEBUG /PDB:"C:\Users\Sho3la\Desktop\Template_Code\Debug\Texturing.pdb" /SUBSYSTEM:CONSOLE /TLBID:1 /DYNAMICBASE /NXCOMPAT /IMPLIB:"C:\Users\Sho3la\Desktop\Template_Code\Debug\Texturing.lib" /MACHINE:X86 Debug\ApplicationManager.obj
         Debug\EulerCamera.obj
         Debug\main.obj
         Debug\Model.obj
         Debug\Renderer.obj
         Debug\shader.obj
         Debug\stb_image.obj
         Debug\texture.obj
     1>ApplicationManager.obj : warning LNK4075: ignoring '/EDITANDCONTINUE' due to '/OPT:LBR' specification
     1>LINK : warning LNK4098: defaultlib 'MSVCRT' conflicts with use of other libs; use /NODEFAULTLIB:library
         Texturing.vcxproj -> C:\Users\Sho3la\Desktop\Template_Code\Debug\Texturing.exe
     1>Done Building Project "C:\Users\Sho3la\Desktop\Template_Code\Texturing\Texturing.vcxproj" (Build target(s)).

Build succeeded.

Time Elapsed 00:00:01.67
