C:\USERS\SASA\DOCUMENTS\GITHUB\GFX15_LAB6_TEXTURING\TEXTURING\DEBUG\TEXTURING.EXE
C:\USERS\SASA\DOCUMENTS\GITHUB\GFX15_LAB6_TEXTURING\TEXTURING\DEBUG\TEXTURING.PDB
C:\USERS\SASA\DOCUMENTS\GITHUB\GFX15_LAB6_TEXTURING\TEXTURING\TEXTURING\DEBUG\APPLICATIONMANAGER.OBJ
C:\Users\SASA\Documents\GitHub\GFX15_Lab6_Texturing\Texturing\Texturing\Debug\cl.command.1.tlog
C:\Users\SASA\Documents\GitHub\GFX15_Lab6_Texturing\Texturing\Texturing\Debug\CL.read.1.tlog
C:\Users\SASA\Documents\GitHub\GFX15_Lab6_Texturing\Texturing\Texturing\Debug\CL.write.1.tlog
C:\USERS\SASA\DOCUMENTS\GITHUB\GFX15_LAB6_TEXTURING\TEXTURING\TEXTURING\DEBUG\EULERCAMERA.OBJ
C:\USERS\SASA\DOCUMENTS\GITHUB\GFX15_LAB6_TEXTURING\TEXTURING\TEXTURING\DEBUG\FPCAMERA.OBJ
C:\Users\SASA\Documents\GitHub\GFX15_Lab6_Texturing\Texturing\Texturing\Debug\link.command.1.tlog
C:\Users\SASA\Documents\GitHub\GFX15_Lab6_Texturing\Texturing\Texturing\Debug\link.read.1.tlog
C:\Users\SASA\Documents\GitHub\GFX15_Lab6_Texturing\Texturing\Texturing\Debug\link.write.1.tlog
C:\USERS\SASA\DOCUMENTS\GITHUB\GFX15_LAB6_TEXTURING\TEXTURING\TEXTURING\DEBUG\MAIN.OBJ
C:\USERS\SASA\DOCUMENTS\GITHUB\GFX15_LAB6_TEXTURING\TEXTURING\TEXTURING\DEBUG\MODEL.OBJ
C:\Users\SASA\Documents\GitHub\GFX15_Lab6_Texturing\Texturing\Texturing\Debug\mt.command.1.tlog
C:\Users\SASA\Documents\GitHub\GFX15_Lab6_Texturing\Texturing\Texturing\Debug\mt.read.1.tlog
C:\Users\SASA\Documents\GitHub\GFX15_Lab6_Texturing\Texturing\Texturing\Debug\mt.write.1.tlog
C:\USERS\SASA\DOCUMENTS\GITHUB\GFX15_LAB6_TEXTURING\TEXTURING\TEXTURING\DEBUG\RENDERER.OBJ
C:\USERS\SASA\DOCUMENTS\GITHUB\GFX15_LAB6_TEXTURING\TEXTURING\TEXTURING\DEBUG\SHADER.OBJ
C:\USERS\SASA\DOCUMENTS\GITHUB\GFX15_LAB6_TEXTURING\TEXTURING\TEXTURING\DEBUG\STB_IMAGE.OBJ
C:\USERS\SASA\DOCUMENTS\GITHUB\GFX15_LAB6_TEXTURING\TEXTURING\TEXTURING\DEBUG\TEXTURE.OBJ
C:\USERS\SASA\DOCUMENTS\GITHUB\GFX15_LAB6_TEXTURING\TEXTURING\TEXTURING\DEBUG\TEXTURING.EXE.INTERMEDIATE.MANIFEST
C:\Users\SASA\Documents\GitHub\GFX15_Lab6_Texturing\Texturing\Texturing\Debug\Texturing.vcxprojResolveAssemblyReference.cache
C:\Users\SASA\Documents\GitHub\GFX15_Lab6_Texturing\Texturing\Texturing\Debug\Texturing.write.1.tlog
C:\Users\SASA\Documents\GitHub\GFX15_Lab6_Texturing\Texturing\Texturing\Debug\vc100.idb
C:\USERS\SASA\DOCUMENTS\GITHUB\GFX15_LAB6_TEXTURING\TEXTURING\TEXTURING\DEBUG\VC100.PDB
